<?xml version="1.0" encoding="UTF-8"?>
<!-- Generated by org.testng.reporters.JUnitReportReporter -->
<testsuite hostname="Vijays-MacBook-Pro.local" failures="0" tests="4" name="com.testNg.testNGAnnotations" time="0.014" errors="0" timestamp="2022-02-08T19:44:16 CST" skipped="0">
  <testcase classname="com.testNg.testNGAnnotations" name="test2" time="0.002"/>
  <system-out/>
  <testcase classname="com.testNg.testNGAnnotations" name="test3" time="0.003"/>
  <system-out/>
  <testcase classname="com.testNg.testNGAnnotations" name="Test4" time="0.005"/>
  <system-out/>
  <testcase classname="com.testNg.testNGAnnotations" name="test1" time="0.004"/>
  <system-out/>
</testsuite> <!-- com.testNg.testNGAnnotations -->
